<?xml version="1.0" encoding="UTF-8"?>
<!-- Generated by org.testng.reporters.JUnitXMLReporter -->
<testsuite ignored="0" hostname="LAPTOP-GD3BOCG7" failures="0" tests="6" name="Default test" time="0.088" errors="0" timestamp="2024-05-01T16:59:53 IST">
  <testcase classname="testingbaba_test.TextboxTest" name="@BeforeTest launchURL" time="-1.714562993275E9">
    <failure type="org.testng.TestNGException" message="
Parameter &amp;apos;env&amp;apos; is required by BeforeTest on method launchURL but has not been marked @Optional or defined
in C:\Users\suraj kapri\AppData\Local\Temp\testng-eclipse-938043872\testng-customsuite.xml">
      <![CDATA[org.testng.TestNGException: 
Parameter 'env' is required by BeforeTest on method launchURL but has not been marked @Optional or defined
in C:\Users\suraj kapri\AppData\Local\Temp\testng-eclipse-938043872\testng-customsuite.xml
at org.testng.internal.Parameters.createParams(Parameters.java:267)
at org.testng.internal.Parameters.createParametersForMethod(Parameters.java:355)
at org.testng.internal.Parameters.createParameters(Parameters.java:684)
at org.testng.internal.Parameters.createConfigurationParameters(Parameters.java:166)
at org.testng.internal.invokers.ConfigInvoker.invokeConfigurations(ConfigInvoker.java:306)
at org.testng.TestRunner.invokeTestConfigurations(TestRunner.java:663)
at org.testng.TestRunner.beforeRun(TestRunner.java:652)
at org.testng.TestRunner.run(TestRunner.java:614)
at org.testng.SuiteRunner.runTest(SuiteRunner.java:443)
at org.testng.SuiteRunner.runSequentially(SuiteRunner.java:437)
at org.testng.SuiteRunner.privateRun(SuiteRunner.java:397)
at org.testng.SuiteRunner.run(SuiteRunner.java:336)
at org.testng.SuiteRunnerWorker.runSuite(SuiteRunnerWorker.java:52)
at org.testng.SuiteRunnerWorker.run(SuiteRunnerWorker.java:95)
at org.testng.TestNG.runSuitesSequentially(TestNG.java:1280)
at org.testng.TestNG.runSuitesLocally(TestNG.java:1200)
at org.testng.TestNG.runSuites(TestNG.java:1114)
at org.testng.TestNG.run(TestNG.java:1082)
at org.testng.remote.AbstractRemoteTestNG.run(AbstractRemoteTestNG.java:115)
at org.testng.remote.RemoteTestNG.initAndRun(RemoteTestNG.java:251)
at org.testng.remote.RemoteTestNG.main(RemoteTestNG.java:77)
]]>
    </failure>
  </testcase> <!-- @BeforeTest launchURL -->
  <testcase classname="testingbaba_test.TextboxTest" name="verify_title" time="0.0">
    <skipped/>
  </testcase> <!-- verify_title -->
  <testcase classname="testingbaba_test.TextboxTest" name="click_elements" time="0.0">
    <skipped/>
  </testcase> <!-- click_elements -->
  <testcase classname="testingbaba_test.TextboxTest" name="click_textbox" time="0.0">
    <skipped/>
  </testcase> <!-- click_textbox -->
  <testcase classname="testingbaba_test.TextboxTest" name="filldata" time="0.0">
    <skipped/>
  </testcase> <!-- filldata -->
  <testcase classname="testingbaba_test.TextboxTest" name="submitclick" time="0.0">
    <skipped/>
  </testcase> <!-- submitclick -->
  <testcase classname="testingbaba_test.TextboxTest" name="getverifydetails" time="0.0">
    <skipped/>
  </testcase> <!-- getverifydetails -->
</testsuite> <!-- Default test -->
