<?xml version="1.0" encoding="UTF-8"?>
<!-- Generated by org.testng.reporters.JUnitXMLReporter -->
<testsuite ignored="1" hostname="LAPTOP-GD3BOCG7" failures="0" tests="3" name="AutoComplete_Test" time="45.504" errors="0" timestamp="2024-04-19T17:18:57 IST">
  <testcase classname="testingbaba_test.AutoComplete_AccordionTest" name="hitWidgets" time="0.1"/>
  <testcase classname="testingbaba_test.AutoComplete_AccordionTest" name="clickAutoComplete" time="0.108"/>
  <testcase classname="testingbaba_test.AutoComplete_AccordionTest" name="fillAutoComplete" time="2.462"/>
  <testcase classname="testingbaba_test.AutoComplete_AccordionTest" name="clickAccordion" time="0.0">
    <ignored/>
  </testcase> <!-- clickAccordion -->
</testsuite> <!-- AutoComplete_Test -->
