<?xml version="1.0" encoding="UTF-8"?>
<!-- Generated by org.testng.reporters.JUnitXMLReporter -->
<testsuite ignored="0" hostname="LAPTOP-GD3BOCG7" failures="0" tests="5" name="BrowserWindows_Test" time="20.378" errors="0" timestamp="2024-01-20T16:35:25 IST">
  <testcase classname="testingbaba_test.BrowserWindowsTest" name="hitAlertsFrame" time="0.145"/>
  <testcase classname="testingbaba_test.BrowserWindowsTest" name="hitBrowserWindows" time="0.109"/>
  <testcase classname="testingbaba_test.BrowserWindowsTest" name="hitNewTab" time="3.262"/>
  <testcase classname="testingbaba_test.BrowserWindowsTest" name="hitNewWindow" time="3.593"/>
  <testcase classname="testingbaba_test.BrowserWindowsTest" name="hitNewWindowMessage" time="0.377"/>
</testsuite> <!-- BrowserWindows_Test -->
