<?xml version="1.0" encoding="UTF-8"?>
<!-- Generated by org.testng.reporters.JUnitXMLReporter -->
<testsuite ignored="0" hostname="LAPTOP-GD3BOCG7" failures="0" tests="3" name="Buttons_Test" time="40.844" errors="0" timestamp="2024-01-03T14:32:31 IST">
  <testcase classname="testingbaba_test.Buttons_Test" name="click_elements" time="0.164"/>
  <testcase classname="testingbaba_test.Buttons_Test" name="click_buttons" time="3.1"/>
  <testcase classname="testingbaba_test.Buttons_Test" name="click_double_right" time="6.451"/>
</testsuite> <!-- Buttons_Test -->
