<?xml version="1.0" encoding="UTF-8"?>
<!-- Generated by org.testng.reporters.JUnitXMLReporter -->
<testsuite ignored="0" hostname="LAPTOP-GD3BOCG7" failures="0" tests="5" name="CheckBox_Test" time="11.895" errors="0" timestamp="2024-01-18T15:43:49 IST">
  <testcase classname="testingbaba_test.CheckBoxTest" name="hit_elements" time="0.094"/>
  <testcase classname="testingbaba_test.CheckBoxTest" name="hit_checkbox" time="0.087"/>
  <testcase classname="testingbaba_test.CheckBoxTest" name="hit_Mobile" time="0.438"/>
  <testcase classname="testingbaba_test.CheckBoxTest" name="hit_Laptop" time="0.278"/>
  <testcase classname="testingbaba_test.CheckBoxTest" name="hit_Desktop" time="0.264"/>
</testsuite> <!-- CheckBox_Test -->
