<?xml version="1.0" encoding="UTF-8"?>
<!-- Generated by org.testng.reporters.JUnitXMLReporter -->
<testsuite ignored="3" hostname="LAPTOP-GD3BOCG7" failures="0" tests="0" time="18.613" errors="0" timestamp="2024-01-30T17:44:02 IST">
  <testcase classname="testingbaba_test.datePickerTest" name="fillDates" time="0.0">
    <ignored/>
  </testcase> <!-- fillDates -->
  <testcase classname="testingbaba_test.datePickerTest" name="hitWidgets" time="0.0">
    <ignored/>
  </testcase> <!-- hitWidgets -->
  <testcase classname="testingbaba_test.datePickerTest" name="clickDatePicker" time="0.0">
    <ignored/>
  </testcase> <!-- clickDatePicker -->
</testsuite>
