<?xml version="1.0" encoding="UTF-8"?>
<!-- Generated by org.testng.reporters.JUnitXMLReporter -->
<testsuite ignored="0" hostname="LAPTOP-GD3BOCG7" failures="0" tests="3" name="Menu_Test" time="20.572" errors="0" timestamp="2024-01-27T12:42:50 IST">
  <testcase classname="testingbaba_test.MenuTest" name="hitWidgets" time="0.139"/>
  <testcase classname="testingbaba_test.MenuTest" name="clickMenu" time="0.232"/>
  <testcase classname="testingbaba_test.MenuTest" name="mouseHoverAndClick" time="6.756"/>
</testsuite> <!-- Menu_Test -->
