<?xml version="1.0" encoding="UTF-8"?>
<!-- Generated by org.testng.reporters.JUnitXMLReporter -->
<testsuite ignored="0" hostname="LAPTOP-GD3BOCG7" failures="0" tests="5" name="ModalDialogs_Test" time="1.867" errors="0" timestamp="2024-01-27T12:33:27 IST">
  <testcase classname="testingbaba_test.ModalDialogsTest" name="@BeforeTest lunchURL" time="1.807">
    <failure type="org.openqa.selenium.SessionNotCreatedException" message="session not created: This version of Microsoft Edge WebDriver only supports Microsoft Edge version 119
Current browser version is 121.0.2277.83 with binary path C:\Program Files (x86)\Microsoft\Edge\Application\msedge.exe
Build info: version: &amp;apos;3.141.59&amp;apos;, revision: &amp;apos;e82be7d358&amp;apos;, time: &amp;apos;2018-11-14T08:17:03&amp;apos;
System info: host: &amp;apos;LAPTOP-GD3BOCG7&amp;apos;, ip: &amp;apos;192.168.183.135&amp;apos;, os.name: &amp;apos;Windows 11&amp;apos;, os.arch: &amp;apos;amd64&amp;apos;, os.version: &amp;apos;10.0&amp;apos;, java.version: &amp;apos;18.0.2.1&amp;apos;
Driver info: driver.version: EdgeDriver
remote stacktrace: 	GetHandleVerifier [0x00007FF66A275462+60322]
	Microsoft::Applications::Events::ILogConfiguration::operator* [0x00007FF66A1FA412+245298]
	(No symbol) [0x00007FF669FC9CE9]
	(No symbol) [0x00007FF66A0090B9]
	(No symbol) [0x00007FF66A0082B5]
	(No symbol) [0x00007FF66A001EB2]
	(No symbol) [0x00007FF669FFD1CB]
	(No symbol) [0x00007FF66A04428F]
	(No symbol) [0x00007FF66A03B8B3]
	(No symbol) [0x00007FF66A00C5C3]
	(No symbol) [0x00007FF66A00B9D3]
	(No symbol) [0x00007FF66A00CD54]
	Microsoft::Applications::Events::EventProperty::to_string [0x00007FF66A452084+1154308]
	(No symbol) [0x00007FF66A08E656]
	Microsoft::Applications::Events::EventProperty::clear [0x00007FF66A150AD3+36579]
	Microsoft::Applications::Events::EventProperty::clear [0x00007FF66A1489FD+3597]
	Microsoft::Applications::Events::EventProperty::to_string [0x00007FF66A450DC4+1149508]
	Microsoft::Applications::Events::ILogConfiguration::operator* [0x00007FF66A203DC8+284648]
	Microsoft::Applications::Events::ILogConfiguration::operator* [0x00007FF66A1FFB54+267636]
	Microsoft::Applications::Events::ILogConfiguration::operator* [0x00007FF66A1FFC82+267938]
	Microsoft::Applications::Events::ILogConfiguration::operator* [0x00007FF66A1F2B31+214353]
	BaseThreadInitThunk [0x00007FFD9765257D+29]
	RtlUserThreadStart [0x00007FFD9812AA58+40]
">
      <![CDATA[org.openqa.selenium.SessionNotCreatedException: session not created: This version of Microsoft Edge WebDriver only supports Microsoft Edge version 119
Current browser version is 121.0.2277.83 with binary path C:\Program Files (x86)\Microsoft\Edge\Application\msedge.exe
Build info: version: '3.141.59', revision: 'e82be7d358', time: '2018-11-14T08:17:03'
System info: host: 'LAPTOP-GD3BOCG7', ip: '192.168.183.135', os.name: 'Windows 11', os.arch: 'amd64', os.version: '10.0', java.version: '18.0.2.1'
Driver info: driver.version: EdgeDriver
remote stacktrace: GetHandleVerifier [0x00007FF66A275462+60322]
Microsoft::Applications::Events::ILogConfiguration::operator* [0x00007FF66A1FA412+245298]
(No symbol) [0x00007FF669FC9CE9]
(No symbol) [0x00007FF66A0090B9]
(No symbol) [0x00007FF66A0082B5]
(No symbol) [0x00007FF66A001EB2]
(No symbol) [0x00007FF669FFD1CB]
(No symbol) [0x00007FF66A04428F]
(No symbol) [0x00007FF66A03B8B3]
(No symbol) [0x00007FF66A00C5C3]
(No symbol) [0x00007FF66A00B9D3]
(No symbol) [0x00007FF66A00CD54]
Microsoft::Applications::Events::EventProperty::to_string [0x00007FF66A452084+1154308]
(No symbol) [0x00007FF66A08E656]
Microsoft::Applications::Events::EventProperty::clear [0x00007FF66A150AD3+36579]
Microsoft::Applications::Events::EventProperty::clear [0x00007FF66A1489FD+3597]
Microsoft::Applications::Events::EventProperty::to_string [0x00007FF66A450DC4+1149508]
Microsoft::Applications::Events::ILogConfiguration::operator* [0x00007FF66A203DC8+284648]
Microsoft::Applications::Events::ILogConfiguration::operator* [0x00007FF66A1FFB54+267636]
Microsoft::Applications::Events::ILogConfiguration::operator* [0x00007FF66A1FFC82+267938]
Microsoft::Applications::Events::ILogConfiguration::operator* [0x00007FF66A1F2B31+214353]
BaseThreadInitThunk [0x00007FFD9765257D+29]
RtlUserThreadStart [0x00007FFD9812AA58+40]

at org.openqa.selenium.remote.W3CHandshakeResponse.lambda$errorHandler$0(W3CHandshakeResponse.java:62)
at org.openqa.selenium.remote.HandshakeResponse.lambda$getResponseFunction$0(HandshakeResponse.java:30)
at org.openqa.selenium.remote.ProtocolHandshake.lambda$createSession$0(ProtocolHandshake.java:126)
at java.base/java.util.stream.ReferencePipeline$3$1.accept(ReferencePipeline.java:197)
at java.base/java.util.Spliterators$ArraySpliterator.tryAdvance(Spliterators.java:1002)
at java.base/java.util.stream.ReferencePipeline.forEachWithCancel(ReferencePipeline.java:129)
at java.base/java.util.stream.AbstractPipeline.copyIntoWithCancel(AbstractPipeline.java:527)
at java.base/java.util.stream.AbstractPipeline.copyInto(AbstractPipeline.java:513)
at java.base/java.util.stream.AbstractPipeline.wrapAndCopyInto(AbstractPipeline.java:499)
at java.base/java.util.stream.FindOps$FindOp.evaluateSequential(FindOps.java:150)
at java.base/java.util.stream.AbstractPipeline.evaluate(AbstractPipeline.java:234)
at java.base/java.util.stream.ReferencePipeline.findFirst(ReferencePipeline.java:647)
at org.openqa.selenium.remote.ProtocolHandshake.createSession(ProtocolHandshake.java:128)
at org.openqa.selenium.remote.ProtocolHandshake.createSession(ProtocolHandshake.java:74)
at org.openqa.selenium.remote.HttpCommandExecutor.execute(HttpCommandExecutor.java:136)
at org.openqa.selenium.remote.service.DriverCommandExecutor.execute(DriverCommandExecutor.java:83)
at org.openqa.selenium.remote.RemoteWebDriver.execute(RemoteWebDriver.java:552)
at org.openqa.selenium.remote.RemoteWebDriver.startSession(RemoteWebDriver.java:213)
at org.openqa.selenium.remote.RemoteWebDriver.<init>(RemoteWebDriver.java:131)
at org.openqa.selenium.edge.EdgeDriver.<init>(EdgeDriver.java:141)
at org.openqa.selenium.edge.EdgeDriver.<init>(EdgeDriver.java:96)
at base_library.BaseLibrary.launch_browser(BaseLibrary.java:43)
at testingbaba_test.ModalDialogsTest.lunchURL(ModalDialogsTest.java:16)
... Removed 25 stack frames]]>
    </failure>
  </testcase> <!-- @BeforeTest lunchURL -->
  <testcase classname="testingbaba_test.ModalDialogsTest" name="hitAlertsFrame" time="0.0">
    <skipped/>
  </testcase> <!-- hitAlertsFrame -->
  <testcase classname="testingbaba_test.ModalDialogsTest" name="hitModalDialogs" time="0.0">
    <skipped/>
  </testcase> <!-- hitModalDialogs -->
  <testcase classname="testingbaba_test.ModalDialogsTest" name="hitSmallModal" time="0.0">
    <skipped/>
  </testcase> <!-- hitSmallModal -->
  <testcase classname="testingbaba_test.ModalDialogsTest" name="hitSmallModalText" time="0.0">
    <skipped/>
  </testcase> <!-- hitSmallModalText -->
  <testcase classname="testingbaba_test.ModalDialogsTest" name="hitLargeModalText" time="0.0">
    <skipped/>
  </testcase> <!-- hitLargeModalText -->
</testsuite> <!-- ModalDialogs_Test -->
