<?xml version="1.0" encoding="UTF-8"?>
<!-- Generated by org.testng.reporters.JUnitXMLReporter -->
<testsuite ignored="0" hostname="LAPTOP-GD3BOCG7" failures="0" tests="3" name="NestedFrames_Test" time="26.343" errors="0" timestamp="2024-01-20T13:35:35 IST">
  <testcase classname="testingbaba_test.NestedFramesTest" name="hitAlertsFrame" time="0.179"/>
  <testcase classname="testingbaba_test.NestedFramesTest" name="hitNestedFrames" time="0.248"/>
  <testcase classname="testingbaba_test.NestedFramesTest" name="hitClickhere" time="1.045"/>
</testsuite> <!-- NestedFrames_Test -->
