<?xml version="1.0" encoding="UTF-8"?>
<!-- Generated by org.testng.reporters.JUnitXMLReporter -->
<testsuite ignored="0" hostname="LAPTOP-GD3BOCG7" failures="0" tests="3" name="ProgressBar_Test" time="16.452" errors="0" timestamp="2024-01-27T16:03:13 IST">
  <testcase classname="testingbaba_test.ProgressBarTest" name="hitWidgets" time="0.08"/>
  <testcase classname="testingbaba_test.ProgressBarTest" name="clickProgressBar" time="0.152"/>
  <testcase classname="testingbaba_test.ProgressBarTest" name="getProgressBar" time="3.191"/>
</testsuite> <!-- ProgressBar_Test -->
