<?xml version="1.0" encoding="UTF-8"?>
<!-- Generated by org.testng.reporters.JUnitXMLReporter -->
<testsuite ignored="0" hostname="LAPTOP-DBNJDIUQ" failures="0" tests="4" name="Button" time="6.76" errors="0" timestamp="2023-08-14T11:07:25 IST">
  <testcase classname="testing_test.Buttons_Test" name="clickonButtons" time="2.247"/>
  <testcase classname="testing_test.Buttons_Test" name="rightclick" time="2.173"/>
  <testcase classname="testing_test.Buttons_Test" name="onlyclick" time="2.259"/>
  <testcase classname="testing_test.Buttons_Test" name="verifyButtons" time="0.079"/>
</testsuite> <!-- Button -->
