<?xml version="1.0" encoding="UTF-8"?>
<!-- Generated by org.testng.reporters.JUnitXMLReporter -->
<testsuite ignored="0" hostname="LAPTOP-DBNJDIUQ" failures="0" tests="5" name="CheckBox" time="2.218" errors="0" timestamp="2023-08-14T11:07:18 IST">
  <testcase classname="testing_test.CheckBox_Test" name="clickonCheckBox" time="0.087"/>
  <testcase classname="testing_test.CheckBox_Test" name="clickonMobile" time="0.798"/>
  <testcase classname="testing_test.CheckBox_Test" name="clickonLaptop" time="0.247"/>
  <testcase classname="testing_test.CheckBox_Test" name="clickonDesktop" time="0.267"/>
  <testcase classname="testing_test.CheckBox_Test" name="clickonRadioBtn" time="0.812"/>
</testsuite> <!-- CheckBox -->
