<?xml version="1.0" encoding="UTF-8"?>
<!-- Generated by org.testng.reporters.JUnitXMLReporter -->
<testsuite ignored="0" hostname="LAPTOP-DBNJDIUQ" failures="0" tests="3" name="DropDown" time="4.289" errors="0" timestamp="2023-08-14T11:07:36 IST">
  <testcase classname="testing_test.DropDown_Test" name="selectDataByDropDownList" time="3.145"/>
  <testcase classname="testing_test.DropDown_Test" name="dataSelectByMultiOption" time="0.414"/>
  <testcase classname="testing_test.DropDown_Test" name="quitDriver" time="0.72"/>
</testsuite> <!-- DropDown -->
