<?xml version="1.0" encoding="UTF-8"?>
<!-- Generated by org.testng.reporters.JUnitXMLReporter -->
<testsuite ignored="0" hostname="LAPTOP-DBNJDIUQ" failures="0" tests="3" name="Web Tables" time="2.347" errors="0" timestamp="2023-08-14T11:07:16 IST">
  <testcase classname="testing_test.WebTables_Test" name="clickOnWeb" time="1.18"/>
  <testcase classname="testing_test.WebTables_Test" name="getvalidate" time="0.169"/>
  <testcase classname="testing_test.WebTables_Test" name="updateData" time="0.995"/>
</testsuite> <!-- Web Tables -->
