<?xml version="1.0" encoding="UTF-8"?>
<testng-results ignored="0" total="6" passed="6" failed="0" skipped="0">
  <reporter-output>
  </reporter-output>
  <suite started-at="2024-05-01T17:17:08 IST" name="Testingbaba_Suite" finished-at="2024-05-01T17:18:14 IST" duration-ms="65750">
    <groups>
      <group name="regression">
        <method signature="TextboxTest.verify_title()[pri:0, instance:testingbaba_test.TextboxTest@117e949d]" name="verify_title" class="testingbaba_test.TextboxTest"/>
        <method signature="TextboxTest.click_elements()[pri:1, instance:testingbaba_test.TextboxTest@117e949d]" name="click_elements" class="testingbaba_test.TextboxTest"/>
        <method signature="TextboxTest.click_textbox()[pri:2, instance:testingbaba_test.TextboxTest@117e949d]" name="click_textbox" class="testingbaba_test.TextboxTest"/>
        <method signature="TextboxTest.filldata()[pri:3, instance:testingbaba_test.TextboxTest@117e949d]" name="filldata" class="testingbaba_test.TextboxTest"/>
        <method signature="TextboxTest.submitclick()[pri:4, instance:testingbaba_test.TextboxTest@117e949d]" name="submitclick" class="testingbaba_test.TextboxTest"/>
        <method signature="TextboxTest.getverifydetails()[pri:5, instance:testingbaba_test.TextboxTest@117e949d]" name="getverifydetails" class="testingbaba_test.TextboxTest"/>
      </group> <!-- regression -->
    </groups>
    <test started-at="2024-05-01T17:17:08 IST" name="TextBox_Test" finished-at="2024-05-01T17:18:14 IST" duration-ms="65750">
      <class name="testingbaba_test.TextboxTest">
        <test-method is-config="true" signature="launchURL(java.lang.String)[pri:0, instance:testingbaba_test.TextboxTest@117e949d]" started-at="2024-05-01T17:17:08 IST" name="launchURL" finished-at="2024-05-01T17:18:11 IST" duration-ms="63359" status="PASS">
          <params>
            <param index="0">
              <value>
                <![CDATA[stagingurl]]>
              </value>
            </param>
          </params>
          <reporter-output>
          </reporter-output>
        </test-method> <!-- launchURL -->
        <test-method signature="verify_title()[pri:0, instance:testingbaba_test.TextboxTest@117e949d]" started-at="2024-05-01T17:18:11 IST" name="verify_title" finished-at="2024-05-01T17:18:11 IST" duration-ms="16" status="PASS">
          <reporter-output>
          </reporter-output>
        </test-method> <!-- verify_title -->
        <test-method signature="click_elements()[pri:1, instance:testingbaba_test.TextboxTest@117e949d]" started-at="2024-05-01T17:18:11 IST" name="click_elements" finished-at="2024-05-01T17:18:12 IST" duration-ms="72" status="PASS">
          <reporter-output>
          </reporter-output>
        </test-method> <!-- click_elements -->
        <test-method signature="click_textbox()[pri:2, instance:testingbaba_test.TextboxTest@117e949d]" started-at="2024-05-01T17:18:12 IST" name="click_textbox" finished-at="2024-05-01T17:18:12 IST" duration-ms="88" status="PASS">
          <reporter-output>
          </reporter-output>
        </test-method> <!-- click_textbox -->
        <test-method signature="filldata()[pri:3, instance:testingbaba_test.TextboxTest@117e949d]" started-at="2024-05-01T17:18:12 IST" name="filldata" finished-at="2024-05-01T17:18:13 IST" duration-ms="1793" status="PASS">
          <reporter-output>
          </reporter-output>
        </test-method> <!-- filldata -->
        <test-method signature="submitclick()[pri:4, instance:testingbaba_test.TextboxTest@117e949d]" started-at="2024-05-01T17:18:13 IST" name="submitclick" finished-at="2024-05-01T17:18:13 IST" duration-ms="70" status="PASS">
          <reporter-output>
          </reporter-output>
        </test-method> <!-- submitclick -->
        <test-method signature="getverifydetails()[pri:5, instance:testingbaba_test.TextboxTest@117e949d]" started-at="2024-05-01T17:18:13 IST" name="getverifydetails" finished-at="2024-05-01T17:18:14 IST" duration-ms="282" status="PASS">
          <reporter-output>
          </reporter-output>
        </test-method> <!-- getverifydetails -->
      </class> <!-- testingbaba_test.TextboxTest -->
    </test> <!-- TextBox_Test -->
  </suite> <!-- Testingbaba_Suite -->
</testng-results>
