<?xml version="1.0" encoding="UTF-8"?>
<testng-results ignored="0" total="3" passed="3" failed="0" skipped="0">
  <reporter-output>
  </reporter-output>
  <suite started-at="2024-04-19T17:18:12 IST" name="Testingbaba_Suite" finished-at="2024-04-19T17:18:57 IST" duration-ms="45504">
    <groups>
      <group name="dev">
        <method signature="AutoComplete_AccordionTest.clickAutoComplete()[pri:1, instance:testingbaba_test.AutoComplete_AccordionTest@7b02881e]" name="clickAutoComplete" class="testingbaba_test.AutoComplete_AccordionTest"/>
      </group> <!-- dev -->
      <group name="regression">
        <method signature="AutoComplete_AccordionTest.clickAutoComplete()[pri:1, instance:testingbaba_test.AutoComplete_AccordionTest@7b02881e]" name="clickAutoComplete" class="testingbaba_test.AutoComplete_AccordionTest"/>
      </group> <!-- regression -->
      <group name="sanity">
        <method signature="AutoComplete_AccordionTest.hitWidgets()[pri:0, instance:testingbaba_test.AutoComplete_AccordionTest@7b02881e]" name="hitWidgets" class="testingbaba_test.AutoComplete_AccordionTest"/>
        <method signature="AutoComplete_AccordionTest.fillAutoComplete()[pri:2, instance:testingbaba_test.AutoComplete_AccordionTest@7b02881e]" name="fillAutoComplete" class="testingbaba_test.AutoComplete_AccordionTest"/>
      </group> <!-- sanity -->
    </groups>
    <test started-at="2024-04-19T17:18:12 IST" name="AutoComplete_Test" finished-at="2024-04-19T17:18:57 IST" duration-ms="45504">
      <class name="testingbaba_test.AutoComplete_AccordionTest">
        <test-method is-config="true" signature="launchURL(java.lang.String)[pri:0, instance:testingbaba_test.AutoComplete_AccordionTest@7b02881e]" started-at="2024-04-19T17:18:12 IST" name="launchURL" finished-at="2024-04-19T17:18:54 IST" duration-ms="42765" status="PASS">
          <params>
            <param index="0">
              <value>
                <![CDATA[stagingurl]]>
              </value>
            </param>
          </params>
          <reporter-output>
          </reporter-output>
        </test-method> <!-- launchURL -->
        <test-method signature="hitWidgets()[pri:0, instance:testingbaba_test.AutoComplete_AccordionTest@7b02881e]" started-at="2024-04-19T17:18:55 IST" name="hitWidgets" finished-at="2024-04-19T17:18:55 IST" duration-ms="100" status="PASS">
          <reporter-output>
          </reporter-output>
        </test-method> <!-- hitWidgets -->
        <test-method signature="clickAutoComplete()[pri:1, instance:testingbaba_test.AutoComplete_AccordionTest@7b02881e]" started-at="2024-04-19T17:18:55 IST" name="clickAutoComplete" finished-at="2024-04-19T17:18:55 IST" duration-ms="108" status="PASS">
          <reporter-output>
          </reporter-output>
        </test-method> <!-- clickAutoComplete -->
        <test-method signature="fillAutoComplete()[pri:2, instance:testingbaba_test.AutoComplete_AccordionTest@7b02881e]" started-at="2024-04-19T17:18:55 IST" name="fillAutoComplete" finished-at="2024-04-19T17:18:57 IST" duration-ms="2462" status="PASS">
          <reporter-output>
          </reporter-output>
        </test-method> <!-- fillAutoComplete -->
      </class> <!-- testingbaba_test.AutoComplete_AccordionTest -->
    </test> <!-- AutoComplete_Test -->
  </suite> <!-- Testingbaba_Suite -->
</testng-results>
